<?xml version="1.0" encoding="UTF-8"?>
<!-- Generated by org.testng.reporters.JUnitReportReporter -->
<testsuite hostname="RAJAVARDHAN" failures="0" tests="1" name="com.luma.GearTest.GearTest" time="23.754" errors="0" timestamp="2024-07-22T21:42:53 IST" skipped="0">
  <testcase classname="com.luma.GearTest.GearTest" name="clickOnGearTest" time="23.754"/>
</testsuite> <!-- com.luma.GearTest.GearTest -->
