<?xml version="1.0" encoding="UTF-8"?>
<!-- Generated by org.testng.reporters.JUnitReportReporter -->
<testsuite hostname="RAJAVARDHAN" failures="0" tests="1" name="com.luma.test.ClickOnSigninTest" time="16.539" errors="0" timestamp="2024-07-20T14:28:14 IST" skipped="0">
  <testcase classname="com.luma.test.ClickOnSigninTest" name="test5" time="16.539"/>
</testsuite> <!-- com.luma.test.ClickOnSigninTest -->
