<?xml version="1.0" encoding="UTF-8"?>
<!-- Generated by org.testng.reporters.JUnitReportReporter -->
<testsuite hostname="RAJAVARDHAN" failures="0" tests="1" name="com.luma.test.AddressPageTest" time="21.935" errors="0" timestamp="2024-07-22T11:18:21 IST" skipped="0">
  <testcase classname="com.luma.test.AddressPageTest" name="test15" time="21.935"/>
</testsuite> <!-- com.luma.test.AddressPageTest -->
