<?xml version="1.0" encoding="UTF-8"?>
<!-- Generated by org.testng.reporters.JUnitReportReporter -->
<testsuite hostname="RAJAVARDHAN" failures="0" tests="8" name="com.luma.test.CheckoutPageTest" time="27.250" errors="0" timestamp="2024-07-30T22:34:09 IST" skipped="0">
  <testcase classname="com.luma.test.CheckoutPageTest" name="clickOnGearTest" time="3.539"/>
  <testcase classname="com.luma.test.CheckoutPageTest" name="clickOnFitnessTest" time="2.499"/>
  <testcase classname="com.luma.test.CheckoutPageTest" name="clickOnImgTest" time="1.937"/>
  <testcase classname="com.luma.test.CheckoutPageTest" name="addToCartTest" time="0.177"/>
  <testcase classname="com.luma.test.CheckoutPageTest" name="clickOnCartTest" time="0.237"/>
  <testcase classname="com.luma.test.CheckoutPageTest" name="clickOnCheckOutTest" time="3.527"/>
  <testcase classname="com.luma.test.CheckoutPageTest" name="clickOnNextTest" time="5.162"/>
  <testcase classname="com.luma.test.CheckoutPageTest" name="clickOnPlaceTest" time="10.172"/>
</testsuite> <!-- com.luma.test.CheckoutPageTest -->
