<?xml version="1.0" encoding="UTF-8"?>
<!-- Generated by org.testng.reporters.JUnitReportReporter -->
<testsuite hostname="RAJAVARDHAN" failures="0" tests="8" name="com.luma.test.CheckoutPageTest" time="28.786" errors="0" timestamp="2024-07-31T18:40:38 IST" skipped="0">
  <testcase classname="com.luma.test.CheckoutPageTest" name="clickOnGearTest" time="3.959"/>
  <testcase classname="com.luma.test.CheckoutPageTest" name="clickOnFitnessTest" time="1.906"/>
  <testcase classname="com.luma.test.CheckoutPageTest" name="clickOnImgTest" time="2.022"/>
  <testcase classname="com.luma.test.CheckoutPageTest" name="addToCartTest" time="0.215"/>
  <testcase classname="com.luma.test.CheckoutPageTest" name="clickOnCartTest" time="0.194"/>
  <testcase classname="com.luma.test.CheckoutPageTest" name="clickOnCheckOutTest" time="5.108"/>
  <testcase classname="com.luma.test.CheckoutPageTest" name="clickOnNextTest" time="5.185"/>
  <testcase classname="com.luma.test.CheckoutPageTest" name="clickOnPlaceTest" time="10.197"/>
</testsuite> <!-- com.luma.test.CheckoutPageTest -->
