<?xml version="1.0" encoding="UTF-8"?>
<!-- Generated by org.testng.reporters.JUnitReportReporter -->
<testsuite hostname="RAJAVARDHAN" failures="0" tests="4" name="com.qa.yogaTest.AddToCartTest" time="6.795" errors="0" timestamp="2024-07-27T13:59:20 IST" skipped="0">
  <testcase classname="com.qa.yogaTest.AddToCartTest" name="clickOnYogaTest" time="1.949"/>
  <testcase classname="com.qa.yogaTest.AddToCartTest" name="sortByTest" time="4.690"/>
  <testcase classname="com.qa.yogaTest.AddToCartTest" name="addToCartTest" time="0.127"/>
  <testcase classname="com.qa.yogaTest.AddToCartTest" name="verifyAddToCartTitleTest" time="0.029"/>
</testsuite> <!-- com.qa.yogaTest.AddToCartTest -->
