<?xml version="1.0" encoding="UTF-8"?>
<!-- Generated by org.testng.reporters.JUnitReportReporter -->
<testsuite hostname="RAJAVARDHAN" failures="0" tests="1" name="com.luma.test.AccountPageTest" time="23.625" errors="0" timestamp="2024-07-22T14:35:12 IST" skipped="0">
  <testcase classname="com.luma.test.AccountPageTest" name="Welcometest" time="23.625"/>
</testsuite> <!-- com.luma.test.AccountPageTest -->
