<?xml version="1.0" encoding="UTF-8"?>
<!-- Generated by org.testng.reporters.JUnitReportReporter -->
<testsuite hostname="RAJAVARDHAN" failures="0" tests="5" name="com.luma.searchTest.SubmitReviewTest" time="13.879" errors="0" timestamp="2024-07-27T14:18:08 IST" skipped="0">
  <testcase classname="com.luma.searchTest.SubmitReviewTest" name="searchTest" time="3.962"/>
  <testcase classname="com.luma.searchTest.SubmitReviewTest" name="nextTest" time="2.370"/>
  <testcase classname="com.luma.searchTest.SubmitReviewTest" name="clickTest" time="2.245"/>
  <testcase classname="com.luma.searchTest.SubmitReviewTest" name="addReviewTest" time="0.149"/>
  <testcase classname="com.luma.searchTest.SubmitReviewTest" name="submitReviewTest" time="5.153"/>
</testsuite> <!-- com.luma.searchTest.SubmitReviewTest -->
