<?xml version="1.0" encoding="UTF-8"?>
<!-- Generated by org.testng.reporters.JUnitReportReporter -->
<testsuite hostname="RAJAVARDHAN" failures="0" tests="3" name="com.luma.loginTest.LoginPageTest" time="7.485" errors="0" timestamp="2024-07-27T13:05:36 IST" skipped="0">
  <testcase classname="com.luma.loginTest.LoginPageTest" name="clickOnSignInTest" time="1.346"/>
  <testcase classname="com.luma.loginTest.LoginPageTest" name="loginTest" time="4.894"/>
  <testcase classname="com.luma.loginTest.LoginPageTest" name="clickOnSaleTest" time="1.245"/>
</testsuite> <!-- com.luma.loginTest.LoginPageTest -->
