<?xml version="1.0" encoding="UTF-8"?>
<!-- Generated by org.testng.reporters.JUnitReportReporter -->
<testsuite hostname="RAJAVARDHAN" failures="0" tests="1" name="com.luma.test.SignOutTest" time="20.383" errors="0" timestamp="2024-07-31T18:40:38 IST" skipped="0">
  <testcase classname="com.luma.test.SignOutTest" name="signOutTest" time="20.383"/>
</testsuite> <!-- com.luma.test.SignOutTest -->
