<?xml version="1.0" encoding="UTF-8"?>
<!-- Generated by org.testng.reporters.JUnitReportReporter -->
<testsuite hostname="RAJAVARDHAN" failures="0" tests="4" name="com.luma.test.AddReviewTest" time="9.467" errors="0" timestamp="2024-07-31T18:40:38 IST" skipped="0">
  <testcase classname="com.luma.test.AddReviewTest" name="searchTest" time="4.813"/>
  <testcase classname="com.luma.test.AddReviewTest" name="nextTest" time="2.589"/>
  <testcase classname="com.luma.test.AddReviewTest" name="clickTest" time="1.889"/>
  <testcase classname="com.luma.test.AddReviewTest" name="addReviewTest" time="0.176"/>
</testsuite> <!-- com.luma.test.AddReviewTest -->
