<?xml version="1.0" encoding="UTF-8"?>
<!-- Generated by org.testng.reporters.JUnitReportReporter -->
<testsuite hostname="RAJAVARDHAN" failures="0" tests="1" name="com.luma.GearTest.OpenWishlistTest" time="22.504" errors="0" timestamp="2024-07-23T13:31:34 IST" skipped="0">
  <testcase classname="com.luma.GearTest.OpenWishlistTest" name="myWishlisttest" time="22.504"/>
</testsuite> <!-- com.luma.GearTest.OpenWishlistTest -->
