<?xml version="1.0" encoding="UTF-8"?>
<!-- Generated by org.testng.reporters.JUnitReportReporter -->
<testsuite hostname="RAJAVARDHAN" failures="0" tests="1" name="com.luma.test.SignOutTest" time="23.459" errors="0" timestamp="2024-07-30T22:34:09 IST" skipped="0">
  <testcase classname="com.luma.test.SignOutTest" name="signOutTest" time="23.459"/>
</testsuite> <!-- com.luma.test.SignOutTest -->
