<?xml version="1.0" encoding="UTF-8"?>
<!-- Generated by org.testng.reporters.JUnitReportReporter -->
<testsuite hostname="RAJAVARDHAN" failures="0" tests="1" name="com.luma.searchTest.ClickOnProductTest" time="52.120" errors="0" timestamp="2024-07-23T20:05:05 IST" skipped="0">
  <testcase classname="com.luma.searchTest.ClickOnProductTest" name="clickTest" time="52.120"/>
</testsuite> <!-- com.luma.searchTest.ClickOnProductTest -->
