<?xml version="1.0" encoding="UTF-8"?>
<!-- Generated by org.testng.reporters.JUnitReportReporter -->
<testsuite hostname="RAJAVARDHAN" failures="0" tests="4" name="com.luma.test.AddToWishlistTest" time="70.593" errors="0" timestamp="2024-07-30T22:34:09 IST" skipped="0">
  <testcase classname="com.luma.test.AddToWishlistTest" name="clickOnGearTest" time="8.692"/>
  <testcase classname="com.luma.test.AddToWishlistTest" name="clickOnBagsTest" time="4.212"/>
  <testcase classname="com.luma.test.AddToWishlistTest" name="Features" time="54.037"/>
  <testcase classname="com.luma.test.AddToWishlistTest" name="addToWishlistTest" time="3.652"/>
</testsuite> <!-- com.luma.test.AddToWishlistTest -->
