<?xml version="1.0" encoding="UTF-8"?>
<!-- Generated by org.testng.reporters.JUnitReportReporter -->
<testsuite hostname="RAJAVARDHAN" failures="0" tests="4" name="com.luma.test.HoodiesPageTest" time="11.147" errors="0" timestamp="2024-07-31T18:40:38 IST" skipped="0">
  <testcase classname="com.luma.test.HoodiesPageTest" name="clickOnSaleTest" time="2.028"/>
  <testcase classname="com.luma.test.HoodiesPageTest" name="clickOnHoodiesTest" time="3.007"/>
  <testcase classname="com.luma.test.HoodiesPageTest" name="selectProductTest" time="5.961"/>
  <testcase classname="com.luma.test.HoodiesPageTest" name="addToCartTest" time="0.151"/>
</testsuite> <!-- com.luma.test.HoodiesPageTest -->
