<?xml version="1.0" encoding="UTF-8"?>
<!-- Generated by org.testng.reporters.JUnitReportReporter -->
<testsuite hostname="RAJAVARDHAN" failures="0" tests="3" name="com.luma.test.AddressFillingPageTest" time="41.813" errors="0" timestamp="2024-07-30T22:34:09 IST" skipped="0">
  <testcase classname="com.luma.test.AddressFillingPageTest" name="clickOnWelcomeTest" time="14.584"/>
  <testcase classname="com.luma.test.AddressFillingPageTest" name="clickOnAddressTest" time="18.641"/>
  <testcase classname="com.luma.test.AddressFillingPageTest" name="saveAddressTest" time="8.588"/>
</testsuite> <!-- com.luma.test.AddressFillingPageTest -->
