<?xml version="1.0" encoding="UTF-8"?>
<!-- Generated by org.testng.reporters.JUnitReportReporter -->
<testsuite hostname="RAJAVARDHAN" failures="0" tests="1" name="com.qa.yogaTest.SelectProductTest" time="17.364" errors="0" timestamp="2024-07-23T15:08:20 IST" skipped="0">
  <testcase classname="com.qa.yogaTest.SelectProductTest" name="SortByTest" time="17.364"/>
</testsuite> <!-- com.qa.yogaTest.SelectProductTest -->
