<?xml version="1.0" encoding="UTF-8"?>
<!-- Generated by org.testng.reporters.JUnitReportReporter -->
<testsuite hostname="RAJAVARDHAN" failures="0" tests="1" name="com.luma.test.OpenWishlistTest" time="10.244" errors="0" timestamp="2024-07-31T18:40:38 IST" skipped="0">
  <testcase classname="com.luma.test.OpenWishlistTest" name="myWishlisttest" time="10.244"/>
</testsuite> <!-- com.luma.test.OpenWishlistTest -->
