<?xml version="1.0" encoding="UTF-8"?>
<!-- Generated by org.testng.reporters.JUnitReportReporter -->
<testsuite hostname="RAJAVARDHAN" failures="0" tests="1" name="com.luma.GearTest.FeaturesTest" time="26.329" errors="0" timestamp="2024-07-23T19:33:55 IST" skipped="0">
  <testcase classname="com.luma.GearTest.FeaturesTest" name="featuresTest" time="26.329"/>
</testsuite> <!-- com.luma.GearTest.FeaturesTest -->
