<?xml version="1.0" encoding="UTF-8"?>
<!-- Generated by org.testng.reporters.JUnitReportReporter -->
<testsuite hostname="RAJAVARDHAN" failures="0" tests="4" name="com.luma.GearTest.AddToWishlistTest" time="13.269" errors="0" timestamp="2024-07-27T13:46:22 IST" skipped="0">
  <testcase classname="com.luma.GearTest.AddToWishlistTest" name="clickOnGearTest" time="1.631"/>
  <testcase classname="com.luma.GearTest.AddToWishlistTest" name="clickOnBagsTest" time="2.391"/>
  <testcase classname="com.luma.GearTest.AddToWishlistTest" name="Features" time="5.891"/>
  <testcase classname="com.luma.GearTest.AddToWishlistTest" name="addToWishlistTest" time="3.356"/>
</testsuite> <!-- com.luma.GearTest.AddToWishlistTest -->
