<?xml version="1.0" encoding="UTF-8"?>
<!-- Generated by org.testng.reporters.JUnitReportReporter -->
<testsuite hostname="RAJAVARDHAN" failures="0" tests="1" name="com.luma.test.CreateAccountTest" time="8.441" errors="0" timestamp="2024-07-30T22:34:09 IST" skipped="0">
  <testcase classname="com.luma.test.CreateAccountTest" name="AccountCreationTest" time="8.441"/>
</testsuite> <!-- com.luma.test.CreateAccountTest -->
