<?xml version="1.0" encoding="UTF-8"?>
<!-- Generated by org.testng.reporters.JUnitReportReporter -->
<testsuite hostname="RAJAVARDHAN" failures="0" tests="1" name="com.luma.GearTest.ImageTest" time="36.293" errors="0" timestamp="2024-07-23T11:55:52 IST" skipped="0">
  <testcase classname="com.luma.GearTest.ImageTest" name="clickOnImgTest" time="36.293"/>
</testsuite> <!-- com.luma.GearTest.ImageTest -->
