<?xml version="1.0" encoding="UTF-8"?>
<!-- Generated by org.testng.reporters.JUnitReportReporter -->
<testsuite hostname="RAJAVARDHAN" failures="0" tests="4" name="com.luma.test.AddToCartTest" time="8.663" errors="0" timestamp="2024-07-30T22:34:09 IST" skipped="0">
  <testcase classname="com.luma.test.AddToCartTest" name="clickOnYogaTest" time="3.604"/>
  <testcase classname="com.luma.test.AddToCartTest" name="sortByTest" time="4.787"/>
  <testcase classname="com.luma.test.AddToCartTest" name="addToCartTest" time="0.231"/>
  <testcase classname="com.luma.test.AddToCartTest" name="verifyAddToCartTitleTest" time="0.041"/>
</testsuite> <!-- com.luma.test.AddToCartTest -->
