<?xml version="1.0" encoding="UTF-8"?>
<!-- Generated by org.testng.reporters.JUnitReportReporter -->
<testsuite hostname="RAJAVARDHAN" failures="0" tests="1" name="com.luma.searchTest.AddReviewTest" time="30.333" errors="0" timestamp="2024-07-23T20:12:21 IST" skipped="0">
  <testcase classname="com.luma.searchTest.AddReviewTest" name="addReviewTest" time="30.333"/>
</testsuite> <!-- com.luma.searchTest.AddReviewTest -->
