<?xml version="1.0" encoding="UTF-8"?>
<!-- Generated by org.testng.reporters.JUnitReportReporter -->
<testsuite hostname="RAJAVARDHAN" failures="0" tests="1" name="com.luma.searchTest.SearchTest" time="30.993" errors="0" timestamp="2024-07-23T19:46:06 IST" skipped="0">
  <testcase classname="com.luma.searchTest.SearchTest" name="searchTest" time="30.993"/>
</testsuite> <!-- com.luma.searchTest.SearchTest -->
