<?xml version="1.0" encoding="UTF-8"?>
<!-- Generated by org.testng.reporters.JUnitReportReporter -->
<testsuite hostname="RAJAVARDHAN" failures="0" tests="1" name="com.luma.createaccTest.CreateAccountTest" time="7.112" errors="0" timestamp="2024-07-27T12:51:00 IST" skipped="0">
  <testcase classname="com.luma.createaccTest.CreateAccountTest" name="AccountCreationTest" time="7.112"/>
</testsuite> <!-- com.luma.createaccTest.CreateAccountTest -->
