<?xml version="1.0" encoding="UTF-8"?>
<!-- Generated by org.testng.reporters.JUnitReportReporter -->
<testsuite hostname="RAJAVARDHAN" failures="0" tests="1" name="com.luma.test.UrlTest" time="16.413" errors="0" timestamp="2024-07-20T12:28:38 IST" skipped="0">
  <testcase classname="com.luma.test.UrlTest" name="test" time="16.413"/>
</testsuite> <!-- com.luma.test.UrlTest -->
