<?xml version="1.0" encoding="UTF-8"?>
<!-- Generated by org.testng.reporters.JUnitReportReporter -->
<testsuite hostname="RAJAVARDHAN" failures="0" tests="4" name="com.luma.test.SalePageTest" time="71.316" errors="0" timestamp="2024-07-20T17:11:31 IST" skipped="0">
  <testcase classname="com.luma.test.SalePageTest" name="test12" time="14.838"/>
  <testcase classname="com.luma.test.SalePageTest" name="test10" time="17.237"/>
  <testcase classname="com.luma.test.SalePageTest" name="test9" time="20.864"/>
  <testcase classname="com.luma.test.SalePageTest" name="test11" time="18.377"/>
</testsuite> <!-- com.luma.test.SalePageTest -->
