<?xml version="1.0" encoding="UTF-8"?>
<!-- Generated by org.testng.reporters.JUnitReportReporter -->
<testsuite hostname="RAJAVARDHAN" failures="0" tests="1" name="com.qa.yogaTest.SortTest" time="16.562" errors="0" timestamp="2024-07-23T15:12:34 IST" skipped="0">
  <testcase classname="com.qa.yogaTest.SortTest" name="SortByTest" time="16.562"/>
</testsuite> <!-- com.qa.yogaTest.SortTest -->
