<?xml version="1.0" encoding="UTF-8"?>
<!-- Generated by org.testng.reporters.JUnitReportReporter -->
<testsuite hostname="RAJAVARDHAN" failures="0" tests="4" name="com.luma.test.SubmitReviewTest" time="12.888" errors="0" timestamp="2024-07-27T21:40:58 IST" skipped="0">
  <testcase classname="com.luma.test.SubmitReviewTest" name="searchTest" time="5.442"/>
  <testcase classname="com.luma.test.SubmitReviewTest" name="nextTest" time="4.931"/>
  <testcase classname="com.luma.test.SubmitReviewTest" name="clickTest" time="2.351"/>
  <testcase classname="com.luma.test.SubmitReviewTest" name="addReviewTest" time="0.164"/>
</testsuite> <!-- com.luma.test.SubmitReviewTest -->
