<?xml version="1.0" encoding="UTF-8"?>
<!-- Generated by org.testng.reporters.JUnitReportReporter -->
<testsuite hostname="RAJAVARDHAN" failures="0" tests="2" name="com.luma.test.LoginPageTest" time="7.826" errors="0" timestamp="2024-07-30T22:34:09 IST" skipped="0">
  <testcase classname="com.luma.test.LoginPageTest" name="clickOnSignInTest" time="2.737"/>
  <testcase classname="com.luma.test.LoginPageTest" name="loginTest" time="5.089"/>
</testsuite> <!-- com.luma.test.LoginPageTest -->
