<?xml version="1.0" encoding="UTF-8"?>
<!-- Generated by org.testng.reporters.JUnitReportReporter -->
<testsuite hostname="RAJAVARDHAN" failures="0" tests="1" name="com.qa.yogaTest.AddToCompareTest" time="20.503" errors="0" timestamp="2024-07-27T10:33:28 IST" skipped="0">
  <testcase classname="com.qa.yogaTest.AddToCompareTest" name="addToCartTest" time="20.503"/>
</testsuite> <!-- com.qa.yogaTest.AddToCompareTest -->
