<?xml version="1.0" encoding="UTF-8"?>
<!-- Generated by org.testng.reporters.JUnitReportReporter -->
<testsuite hostname="RAJAVARDHAN" failures="0" tests="3" name="com.luma.test.AddressFillingPageTest" time="17.445" errors="0" timestamp="2024-07-31T18:40:38 IST" skipped="0">
  <testcase classname="com.luma.test.AddressFillingPageTest" name="clickOnWelcomeTest" time="7.745"/>
  <testcase classname="com.luma.test.AddressFillingPageTest" name="clickOnAddressTest" time="4.186"/>
  <testcase classname="com.luma.test.AddressFillingPageTest" name="saveAddressTest" time="5.514"/>
</testsuite> <!-- com.luma.test.AddressFillingPageTest -->
