<?xml version="1.0" encoding="UTF-8"?>
<!-- Generated by org.testng.reporters.JUnitReportReporter -->
<testsuite hostname="RAJAVARDHAN" failures="0" tests="2" name="com.luma.test.LoginPageTest" time="6.492" errors="0" timestamp="2024-07-31T18:40:38 IST" skipped="0">
  <testcase classname="com.luma.test.LoginPageTest" name="clickOnSignInTest" time="1.583"/>
  <testcase classname="com.luma.test.LoginPageTest" name="loginTest" time="4.909"/>
</testsuite> <!-- com.luma.test.LoginPageTest -->
