<?xml version="1.0" encoding="UTF-8"?>
<!-- Generated by org.testng.reporters.JUnitReportReporter -->
<testsuite hostname="RAJAVARDHAN" failures="0" tests="4" name="com.luma.test.AddToWishlistTest" time="13.488" errors="0" timestamp="2024-07-31T18:40:38 IST" skipped="0">
  <testcase classname="com.luma.test.AddToWishlistTest" name="clickOnGearTest" time="3.103"/>
  <testcase classname="com.luma.test.AddToWishlistTest" name="clickOnBagsTest" time="1.943"/>
  <testcase classname="com.luma.test.AddToWishlistTest" name="Features" time="6.177"/>
  <testcase classname="com.luma.test.AddToWishlistTest" name="addToWishlistTest" time="2.265"/>
</testsuite> <!-- com.luma.test.AddToWishlistTest -->
