<?xml version="1.0" encoding="UTF-8"?>
<!-- Generated by org.testng.reporters.JUnitReportReporter -->
<testsuite hostname="RAJAVARDHAN" failures="0" tests="1" name="com.luma.searchTest.NextTest" time="22.660" errors="0" timestamp="2024-07-23T19:54:41 IST" skipped="0">
  <testcase classname="com.luma.searchTest.NextTest" name="nextTest" time="22.660"/>
</testsuite> <!-- com.luma.searchTest.NextTest -->
