<?xml version="1.0" encoding="UTF-8"?>
<!-- Generated by org.testng.reporters.JUnitReportReporter -->
<testsuite hostname="RAJAVARDHAN" failures="0" tests="1" name="com.luma.GearTest.PriceTest" time="31.668" errors="0" timestamp="2024-07-23T11:48:47 IST" skipped="0">
  <testcase classname="com.luma.GearTest.PriceTest" name="priceTest" time="31.668"/>
</testsuite> <!-- com.luma.GearTest.PriceTest -->
