<?xml version="1.0" encoding="UTF-8"?>
<!-- Generated by org.testng.reporters.JUnitReportReporter -->
<testsuite hostname="RAJAVARDHAN" failures="0" tests="4" name="com.luma.test.AddReviewTest" time="22.166" errors="0" timestamp="2024-07-30T22:34:09 IST" skipped="0">
  <testcase classname="com.luma.test.AddReviewTest" name="searchTest" time="6.008"/>
  <testcase classname="com.luma.test.AddReviewTest" name="nextTest" time="7.789"/>
  <testcase classname="com.luma.test.AddReviewTest" name="clickTest" time="8.196"/>
  <testcase classname="com.luma.test.AddReviewTest" name="addReviewTest" time="0.173"/>
</testsuite> <!-- com.luma.test.AddReviewTest -->
