<?xml version="1.0" encoding="UTF-8"?>
<!-- Generated by org.testng.reporters.JUnitReportReporter -->
<testsuite hostname="RAJAVARDHAN" failures="0" tests="4" name="com.luma.test.HoodiesPageTest" time="8.175" errors="0" timestamp="2024-07-30T22:34:09 IST" skipped="0">
  <testcase classname="com.luma.test.HoodiesPageTest" name="clickOnSaleTest" time="2.620"/>
  <testcase classname="com.luma.test.HoodiesPageTest" name="clickOnHoodiesTest" time="2.236"/>
  <testcase classname="com.luma.test.HoodiesPageTest" name="selectProductTest" time="3.160"/>
  <testcase classname="com.luma.test.HoodiesPageTest" name="addToCartTest" time="0.159"/>
</testsuite> <!-- com.luma.test.HoodiesPageTest -->
