<?xml version="1.0" encoding="UTF-8"?>
<!-- Generated by org.testng.reporters.JUnitReportReporter -->
<testsuite hostname="RAJAVARDHAN" failures="0" tests="1" name="com.luma.test.PlaceOrderTest$HoodiesPageTest" time="27.904" errors="0" timestamp="2024-07-22T14:26:22 IST" skipped="0">
  <testcase classname="com.luma.test.PlaceOrderTest$HoodiesPageTest" name="clickOnPlaceTest" time="27.904"/>
</testsuite> <!-- com.luma.test.PlaceOrderTest$HoodiesPageTest -->
